Using pre-set license
Built from '2020.3/staging' branch; Version is '2020.3.11f1 (99c7afb366b3) revision 10078127'; Using compiler version '192528614'; Build Type 'Release'
OS: 'Windows 10 Pro; OS build 19045.2965; Version 2009; 64bit' Language: 'en' Physical Memory: 32581 MB
BatchMode: 1, IsHumanControllingUs: 0, StartBugReporterOnCrash: 0, Is64bit: 1, IsPro: 0

 COMMAND LINE ARGUMENTS:
D:\Unity\Editor\2020.3.11f1\Editor\Unity.exe
-adb2
-batchMode
-noUpm
-name
AssetImportWorker0
-projectPath
D:/Unity Project/Untitled AOW/Untitled AOW
-logFile
Logs/AssetImportWorker0.log
-srvPort
53389
Successfully changed project path to: D:/Unity Project/Untitled AOW/Untitled AOW
D:/Unity Project/Untitled AOW/Untitled AOW
Using Asset Import Pipeline V2.
Refreshing native plugins compatible for Editor in 54.15 ms, found 2 plugins.
Preloading 0 native plugins for Editor in 0.00 ms.
Initialize engine version: 2020.3.11f1 (99c7afb366b3)
[Subsystems] Discovering subsystems at path D:/Unity/Editor/2020.3.11f1/Editor/Data/Resources/UnitySubsystems
[Subsystems] Discovering subsystems at path D:/Unity Project/Untitled AOW/Untitled AOW/Assets
GfxDevice: creating device client; threaded=0
Direct3D:
    Version:  Direct3D 11.0 [level 11.1]
    Renderer: NVIDIA GeForce RTX 3060 Ti (ID=0x2489)
    Vendor:   
    VRAM:     8038 MB
    Driver:   31.0.15.3179
Initialize mono
Mono path[0] = 'D:/Unity/Editor/2020.3.11f1/Editor/Data/Managed'
Mono path[1] = 'D:/Unity/Editor/2020.3.11f1/Editor/Data/MonoBleedingEdge/lib/mono/unityjit'
Mono config path = 'D:/Unity/Editor/2020.3.11f1/Editor/Data/MonoBleedingEdge/etc'
Using monoOptions --debugger-agent=transport=dt_socket,embedding=1,server=y,suspend=n,address=127.0.0.1:56960
Begin MonoManager ReloadAssembly
Registering precompiled unity dll's ...
Register platform support module: D:/Unity/Editor/2020.3.11f1/Editor/Data/PlaybackEngines/WebGLSupport/UnityEditor.WebGL.Extensions.dll
Register platform support module: D:/Unity/Editor/2020.3.11f1/Editor/Data/PlaybackEngines/WindowsStandaloneSupport/UnityEditor.WindowsStandalone.Extensions.dll
Registered in 0.000671 seconds.
Native extension for WindowsStandalone target not found
Native extension for WebGL target not found
Refreshing native plugins compatible for Editor in 50.58 ms, found 2 plugins.
Preloading 0 native plugins for Editor in 0.00 ms.
Mono: successfully reloaded assembly
- Completed reload, in  1.193 seconds
Platform modules already initialized, skipping
Registering precompiled user dll's ...
Registered in 0.002066 seconds.
Begin MonoManager ReloadAssembly
Native extension for WindowsStandalone target not found
Native extension for WebGL target not found
Refreshing native plugins compatible for Editor in 54.33 ms, found 2 plugins.
Preloading 0 native plugins for Editor in 0.00 ms.
Mono: successfully reloaded assembly
- Completed reload, in  0.742 seconds
Platform modules already initialized, skipping
========================================================================
Worker process is ready to serve import requests
Shader 'Universal Render Pipeline/Particles/Lit': fallback shader 'Universal Render Pipeline/Particles/SimpleLit' not found
Shader 'Universal Render Pipeline/Particles/Lit': fallback shader 'Universal Render Pipeline/Particles/SimpleLit' not found
Launched and connected shader compiler UnityShaderCompiler.exe after 0.03 seconds
Refreshing native plugins compatible for Editor in 0.51 ms, found 2 plugins.
Preloading 0 native plugins for Editor in 0.00 ms.
Unloading 2805 Unused Serialized files (Serialized files now loaded: 0)
System memory in use before: 133.6 MB.
System memory in use after: 131.2 MB.

Unloading 55 unused Assets to reduce memory usage. Loaded Objects now: 3214.
Total: 2.224400 ms (FindLiveObjects: 0.145400 ms CreateObjectMapping: 0.054700 ms MarkObjects: 1.261300 ms  DeleteObjects: 0.762300 ms)

========================================================================
Received Import Request.
  path: Assets/_Main Project/Prefabs/Character preset/Cave man/Chr_FantasyHero_Preset_CM_Infantry.prefab
  artifactKey: Guid(e664c5826f5b28b4f9f1e800aac7c012) Importer(815301076,1909f56bfc062723c751e8b465ee728b)
Start importing Assets/_Main Project/Prefabs/Character preset/Cave man/Chr_FantasyHero_Preset_CM_Infantry.prefab using Guid(e664c5826f5b28b4f9f1e800aac7c012) Importer(815301076,1909f56bfc062723c751e8b465ee728b)  -> (artifact id: 'd26a5d1834cd1d4c0e16f8f4c5464838') in 0.317167 seconds
  Import took 0.337007 seconds .

========================================================================
Received Import Request.
  Time since last request: 4.901950 seconds.
  path: Assets/_Main Project/Prefabs/Character preset/Cave man/Chr_FantasyHero_Preset_CM_Ranger.prefab
  artifactKey: Guid(86509ea2b248a544cb91392e0d441a01) Importer(815301076,1909f56bfc062723c751e8b465ee728b)
Start importing Assets/_Main Project/Prefabs/Character preset/Cave man/Chr_FantasyHero_Preset_CM_Ranger.prefab using Guid(86509ea2b248a544cb91392e0d441a01) Importer(815301076,1909f56bfc062723c751e8b465ee728b)  -> (artifact id: '67ad0b8750a040b7d6dda6d5b9a955b2') in 0.150571 seconds
  Import took 0.168864 seconds .

========================================================================
Received Prepare
Registering precompiled user dll's ...
Registered in 0.001964 seconds.
Begin MonoManager ReloadAssembly
Native extension for WindowsStandalone target not found
Native extension for WebGL target not found
Refreshing native plugins compatible for Editor in 0.50 ms, found 2 plugins.
Preloading 0 native plugins for Editor in 0.00 ms.
Mono: successfully reloaded assembly
- Completed reload, in  0.680 seconds
Platform modules already initialized, skipping
Shader 'Universal Render Pipeline/Particles/Lit': fallback shader 'Universal Render Pipeline/Particles/SimpleLit' not found
Shader 'Universal Render Pipeline/Particles/Lit': fallback shader 'Universal Render Pipeline/Particles/SimpleLit' not found
Refreshing native plugins compatible for Editor in 0.53 ms, found 2 plugins.
Preloading 0 native plugins for Editor in 0.00 ms.
Unloading 2712 Unused Serialized files (Serialized files now loaded: 0)
System memory in use before: 148.8 MB.
System memory in use after: 146.4 MB.

Unloading 50 unused Assets to reduce memory usage. Loaded Objects now: 3263.
Total: 2.422100 ms (FindLiveObjects: 0.151300 ms CreateObjectMapping: 0.049400 ms MarkObjects: 1.391400 ms  DeleteObjects: 0.829200 ms)

AssetImportWorkerClient::OnTransportError - code=2 error=End of file
